<?xml version="1.0" encoding="UTF-8"?>
<!-- Generated by org.testng.reporters.JUnitReportReporter -->
<testsuite skipped="0" hostname="LAPTOP-ENOR0IVM" name="com.AutomationTalks.demoProject1.TestClass1" tests="3" failures="0" timestamp="18 Jun 2019 17:02:16 GMT" time="34.824" errors="0">
  <testcase name="Test3" time="12.626" classname="com.AutomationTalks.demoProject1.TestClass1"/>
  <testcase name="Test2" time="10.947" classname="com.AutomationTalks.demoProject1.TestClass1"/>
  <testcase name="Test1" time="11.251" classname="com.AutomationTalks.demoProject1.TestClass1"/>
</testsuite> <!-- com.AutomationTalks.demoProject1.TestClass1 -->
