<?xml version="1.0" encoding="UTF-8"?>
<!-- Generated by org.testng.reporters.JUnitReportReporter -->
<testsuite skipped="0" hostname="LAPTOP-ENOR0IVM" name="com.AutomationTalks.demoProject1.TestClass1" tests="3" failures="0" timestamp="18 Jun 2019 17:06:02 GMT" time="42.924" errors="0">
  <testcase name="Test2" time="12.816" classname="com.AutomationTalks.demoProject1.TestClass1"/>
  <testcase name="Test1" time="18.496" classname="com.AutomationTalks.demoProject1.TestClass1"/>
  <testcase name="Test3" time="11.612" classname="com.AutomationTalks.demoProject1.TestClass1"/>
</testsuite> <!-- com.AutomationTalks.demoProject1.TestClass1 -->
